c:\users\gunna\onedrive\mygit\hashtable-git\hashtable\x64\release\vc143.pdb
c:\users\gunna\onedrive\mygit\hashtable-git\hashtable\x64\release\hashtable.obj
c:\users\gunna\onedrive\mygit\hashtable-git\hashtable\x64\release\cs 300 abcu_advising_program_input.csv
c:\users\gunna\onedrive\mygit\hashtable-git\hashtable\x64\release\hashtable.ipdb
c:\users\gunna\onedrive\mygit\hashtable-git\hashtable\x64\release\hashtable.iobj
c:\users\gunna\onedrive\mygit\hashtable-git\hashtable\x64\release\hashtable.exe
c:\users\gunna\onedrive\mygit\hashtable-git\hashtable\x64\release\hashtable.pdb
c:\users\gunna\onedrive\mygit\hashtable-git\hashtable\x64\release\nativecodeanalysis.read.1.tlog
c:\users\gunna\onedrive\mygit\hashtable-git\hashtable\x64\release\hashtable.nativecodeanalysis.xml
c:\users\gunna\onedrive\mygit\hashtable-git\hashtable\x64\release\vc.nativecodeanalysis.all.xml
c:\users\gunna\onedrive\mygit\hashtable-git\hashtable\x64\release\hashtable.tlog\cl.command.1.tlog
c:\users\gunna\onedrive\mygit\hashtable-git\hashtable\x64\release\hashtable.tlog\cl.items.tlog
c:\users\gunna\onedrive\mygit\hashtable-git\hashtable\x64\release\hashtable.tlog\cl.read.1.tlog
c:\users\gunna\onedrive\mygit\hashtable-git\hashtable\x64\release\hashtable.tlog\cl.write.1.tlog
c:\users\gunna\onedrive\mygit\hashtable-git\hashtable\x64\release\hashtable.tlog\copyfile.command.1.tlog
c:\users\gunna\onedrive\mygit\hashtable-git\hashtable\x64\release\hashtable.tlog\copyfile.read.1.tlog
c:\users\gunna\onedrive\mygit\hashtable-git\hashtable\x64\release\hashtable.tlog\copyfile.write.1.tlog
c:\users\gunna\onedrive\mygit\hashtable-git\hashtable\x64\release\hashtable.tlog\link.command.1.tlog
c:\users\gunna\onedrive\mygit\hashtable-git\hashtable\x64\release\hashtable.tlog\link.read.1.tlog
c:\users\gunna\onedrive\mygit\hashtable-git\hashtable\x64\release\hashtable.tlog\link.write.1.tlog
c:\users\gunna\onedrive\mygit\hashtable-git\hashtable\x64\release\hashtable.tlog\link.write.2u.tlog
